<?xml version="1.0" encoding="UTF-8"?>
<!-- Generated by org.testng.reporters.JUnitReportReporter -->
<testsuite hostname="DESKTOP-ELK44DL" failures="0" tests="9" name="tests.FundTransferTest" time="21.102" errors="0" timestamp="2026-06-12T08:08:03 IST" skipped="0">
  <testcase classname="tests.FundTransferTest" name="fundTransferTest" time="2.176"/>
  <testcase classname="tests.FundTransferTest" name="fundTransferTest" time="1.454"/>
  <testcase classname="tests.FundTransferTest" name="fundTransferTest" time="3.156"/>
  <testcase classname="tests.FundTransferTest" name="fundTransferTest" time="2.482"/>
  <testcase classname="tests.FundTransferTest" name="fundTransferTest" time="2.106"/>
  <testcase classname="tests.FundTransferTest" name="fundTransferTest" time="2.794"/>
  <testcase classname="tests.FundTransferTest" name="fundTransferTest" time="2.193"/>
  <testcase classname="tests.FundTransferTest" name="fundTransferTest" time="2.811"/>
  <testcase classname="tests.FundTransferTest" name="fundTransferTest" time="1.930"/>
</testsuite> <!-- tests.FundTransferTest -->
