<?xml version="1.0" encoding="UTF-8"?>
<!-- Generated by org.testng.reporters.JUnitReportReporter -->
<testsuite hostname="DESKTOP-ELK44DL" failures="0" tests="6" name="tests.AccountTest" time="15.410" errors="0" timestamp="2026-06-12T08:08:03 IST" skipped="0">
  <testcase classname="tests.AccountTest" name="createAccountTest" time="0.973"/>
  <testcase classname="tests.AccountTest" name="createAccountTest" time="3.008"/>
  <testcase classname="tests.AccountTest" name="createAccountTest" time="0.830"/>
  <testcase classname="tests.AccountTest" name="createAccountTest" time="2.759"/>
  <testcase classname="tests.AccountTest" name="createAccountTest" time="2.258"/>
  <testcase classname="tests.AccountTest" name="createAccountTest" time="5.582"/>
</testsuite> <!-- tests.AccountTest -->
