<?xml version="1.0" encoding="UTF-8"?>
<!-- Generated by org.testng.reporters.JUnitReportReporter -->
<testsuite hostname="DESKTOP-ELK44DL" failures="0" tests="4" name="tests.LoginTest" time="136.892" errors="0" timestamp="2026-06-08T14:17:49 IST" skipped="0">
  <testcase classname="tests.LoginTest" name="loginTest" time="32.462"/>
  <testcase classname="tests.LoginTest" name="loginTest" time="65.603"/>
  <testcase classname="tests.LoginTest" name="loginTest" time="17.625"/>
  <testcase classname="tests.LoginTest" name="loginTest" time="21.202"/>
</testsuite> <!-- tests.LoginTest -->
