<?xml version="1.0" encoding="UTF-8"?>
<!-- Generated by org.testng.reporters.JUnitXMLReporter -->
<testsuite ignored="0" hostname="DESKTOP-ELK44DL" failures="0" tests="6" name="Account Module" time="18.949" errors="0" timestamp="2026-06-12T08:06:54 IST">
  <testcase classname="tests.AccountTest" name="createAccountTest" time="2.759"/>
  <testcase classname="tests.AccountTest" name="createAccountTest" time="5.582"/>
  <testcase classname="tests.AccountTest" name="createAccountTest" time="2.258"/>
  <testcase classname="tests.AccountTest" name="createAccountTest" time="3.008"/>
  <testcase classname="tests.AccountTest" name="createAccountTest" time="0.973"/>
  <testcase classname="tests.AccountTest" name="createAccountTest" time="0.83"/>
</testsuite> <!-- Account Module -->
