<?xml version="1.0" encoding="UTF-8"?>
<!-- Generated by org.testng.reporters.JUnitXMLReporter -->
<testsuite ignored="0" hostname="DESKTOP-ELK44DL" failures="2" tests="5" name="Deposit Module" time="22.043" errors="0" timestamp="2026-06-12T08:07:16 IST">
  <testcase classname="tests.DepositTest" name="depositTest" time="3.121">
    <failure type="java.lang.AssertionError" message="The following asserts failed:
	Application defect: HTTP ERROR 500 displayed after deposit expected [false] but found [true]">
      <![CDATA[java.lang.AssertionError: The following asserts failed:
Application defect: HTTP ERROR 500 displayed after deposit expected [false] but found [true]
at tests.DepositTest.depositTest(DepositTest.java:87)
at java.base/java.util.ArrayList.forEach(ArrayList.java:1604)
... Removed 27 stack frames]]>
    </failure>
  </testcase> <!-- depositTest -->
  <testcase classname="tests.DepositTest" name="depositTest" time="1.163"/>
  <testcase classname="tests.DepositTest" name="depositTest" time="1.526"/>
  <testcase classname="tests.DepositTest" name="depositTest" time="2.067"/>
  <testcase classname="tests.DepositTest" name="depositTest" time="12.176">
    <failure type="org.openqa.selenium.TimeoutException" message="Expected condition failed: waiting for alert to be present
(tried for 10 seconds with 500 milliseconds interval)
Build info: version: &amp;apos;4.44.0&amp;apos;, revision: &amp;apos;da2039b&amp;apos;
System info: os.name: &amp;apos;Windows 11&amp;apos;, os.arch: &amp;apos;amd64&amp;apos;, os.version: &amp;apos;10.0&amp;apos;, java.version: &amp;apos;25.0.2&amp;apos;
Driver info: org.openqa.selenium.edge.EdgeDriver
Capabilities {acceptInsecureCerts: false, browserName: MicrosoftEdge, browserVersion: 149.0.4022.62, fedcm:accounts: true, goog:processID: 18212, ms:edgeOptions: {debuggerAddress: localhost:56059}, msedge: {msedgedriverVersion: 149.0.4022.62 (068a180137b0..., userDataDir: C:\Users\shahr\AppData\Loca...}, networkConnectionEnabled: false, pageLoadStrategy: normal, platformName: windows, proxy: Proxy(), se:cdp: ws://localhost:56059/devtoo..., se:cdpVersion: 149.0.4022.62, setWindowRect: true, strictFileInteractability: false, timeouts: {implicit: 0, pageLoad: 300000, script: 30000}, unhandledPromptBehavior: dismiss and notify, webauthn:extension:credBlob: true, webauthn:extension:largeBlob: true, webauthn:extension:minPinLength: true, webauthn:extension:prf: true, webauthn:virtualAuthenticators: true}
Session ID: 1fc8688f01b3180fcff17ea65902bbb7">
      <![CDATA[org.openqa.selenium.TimeoutException: Expected condition failed: waiting for alert to be present
(tried for 10 seconds with 500 milliseconds interval)
Build info: version: '4.44.0', revision: 'da2039b'
System info: os.name: 'Windows 11', os.arch: 'amd64', os.version: '10.0', java.version: '25.0.2'
Driver info: org.openqa.selenium.edge.EdgeDriver
Capabilities {acceptInsecureCerts: false, browserName: MicrosoftEdge, browserVersion: 149.0.4022.62, fedcm:accounts: true, goog:processID: 18212, ms:edgeOptions: {debuggerAddress: localhost:56059}, msedge: {msedgedriverVersion: 149.0.4022.62 (068a180137b0..., userDataDir: C:\Users\shahr\AppData\Loca...}, networkConnectionEnabled: false, pageLoadStrategy: normal, platformName: windows, proxy: Proxy(), se:cdp: ws://localhost:56059/devtoo..., se:cdpVersion: 149.0.4022.62, setWindowRect: true, strictFileInteractability: false, timeouts: {implicit: 0, pageLoad: 300000, script: 30000}, unhandledPromptBehavior: dismiss and notify, webauthn:extension:credBlob: true, webauthn:extension:largeBlob: true, webauthn:extension:minPinLength: true, webauthn:extension:prf: true, webauthn:virtualAuthenticators: true}
Session ID: 1fc8688f01b3180fcff17ea65902bbb7
at org.openqa.selenium.support.ui.WebDriverWait.timeoutException(WebDriverWait.java:85)
at org.openqa.selenium.support.ui.FluentWait.until(FluentWait.java:234)
at utilities.WaitUtil.waitForAlert(WaitUtil.java:38)
at pages.DepositPage.acceptDepositeAlert(DepositPage.java:74)
at tests.DepositTest.depositTest(DepositTest.java:85)
at java.base/java.util.ArrayList.forEach(ArrayList.java:1604)
... Removed 25 stack frames]]>
    </failure>
  </testcase> <!-- depositTest -->
</testsuite> <!-- Deposit Module -->
