<?xml version="1.0" encoding="UTF-8"?>
<!-- Generated by org.testng.reporters.JUnitXMLReporter -->
<testsuite ignored="0" hostname="DESKTOP-ELK44DL" failures="0" tests="9" name="Fund Transfer Module" time="23.805" errors="0" timestamp="2026-06-12T08:07:56 IST">
  <testcase classname="tests.FundTransferTest" name="fundTransferTest" time="3.156"/>
  <testcase classname="tests.FundTransferTest" name="fundTransferTest" time="2.193"/>
  <testcase classname="tests.FundTransferTest" name="fundTransferTest" time="2.106"/>
  <testcase classname="tests.FundTransferTest" name="fundTransferTest" time="2.811"/>
  <testcase classname="tests.FundTransferTest" name="fundTransferTest" time="2.482"/>
  <testcase classname="tests.FundTransferTest" name="fundTransferTest" time="2.176"/>
  <testcase classname="tests.FundTransferTest" name="fundTransferTest" time="1.93"/>
  <testcase classname="tests.FundTransferTest" name="fundTransferTest" time="1.454"/>
  <testcase classname="tests.FundTransferTest" name="fundTransferTest" time="2.794"/>
</testsuite> <!-- Fund Transfer Module -->
