<?xml version="1.0" encoding="UTF-8"?>
<!-- Generated by org.testng.reporters.JUnitXMLReporter -->
<testsuite ignored="0" hostname="DESKTOP-ELK44DL" failures="0" tests="4" name="Login Module" time="24.416" errors="0" timestamp="2026-06-12T08:05:54 IST">
  <testcase classname="tests.LoginTest" name="loginTest" time="4.613"/>
  <testcase classname="tests.LoginTest" name="loginTest" time="1.998"/>
  <testcase classname="tests.LoginTest" name="loginTest" time="3.706"/>
  <testcase classname="tests.LoginTest" name="loginTest" time="3.81"/>
</testsuite> <!-- Login Module -->
