<?xml version="1.0" encoding="UTF-8"?>
<!-- Generated by org.testng.reporters.JUnitXMLReporter -->
<testsuite ignored="0" hostname="DESKTOP-ELK44DL" failures="0" tests="4" name="Default test" time="138.547" errors="0" timestamp="2026-06-08T14:17:49 IST">
  <testcase classname="tests.LoginTest" name="loginTest" time="10.618"/>
  <testcase classname="tests.LoginTest" name="loginTest" time="1.249"/>
  <testcase classname="tests.LoginTest" name="loginTest" time="8.436"/>
  <testcase classname="tests.LoginTest" name="loginTest" time="1.215"/>
</testsuite> <!-- Default test -->
