<?xml version="1.0" encoding="UTF-8"?>
<!-- Generated by org.testng.reporters.JUnitReportReporter -->
<testsuite hostname="DESKTOP-ELK44DL" failures="0" tests="4" name="testing_practice.LoginValidation" time="46.575" errors="0" timestamp="2026-05-21T12:48:29 IST" skipped="0">
  <testcase classname="testing_practice.LoginValidation" name="loginTest" time="10.566"/>
  <testcase classname="testing_practice.LoginValidation" name="loginTest" time="13.382"/>
  <testcase classname="testing_practice.LoginValidation" name="loginTest" time="9.071"/>
  <testcase classname="testing_practice.LoginValidation" name="loginTest" time="13.556"/>
</testsuite> <!-- testing_practice.LoginValidation -->
