<?xml version="1.0" encoding="UTF-8"?>
<!-- Generated by org.testng.reporters.JUnitReportReporter -->
<testsuite hostname="DESKTOP-ELK44DL" failures="0" tests="3" name="testing_practice.ExceldataPract" time="5.514" errors="0" timestamp="2026-05-22T14:48:49 IST" skipped="0">
  <testcase classname="testing_practice.ExceldataPract" name="loginTest" time="2.755"/>
  <testcase classname="testing_practice.ExceldataPract" name="loginTest" time="1.379"/>
  <testcase classname="testing_practice.ExceldataPract" name="loginTest" time="1.380"/>
</testsuite> <!-- testing_practice.ExceldataPract -->
