<?xml version="1.0" encoding="UTF-8"?>
<!-- Generated by org.testng.reporters.JUnitReportReporter -->
<testsuite hostname="DESKTOP-ELK44DL" failures="0" tests="3" name="testing_practice.FirstTest" time="7.931" errors="0" timestamp="2026-05-20T10:46:14 IST" skipped="0">
  <testcase classname="testing_practice.FirstTest" name="simpleAlert" time="2.502"/>
  <testcase classname="testing_practice.FirstTest" name="promtAlert" time="3.251"/>
  <testcase classname="testing_practice.FirstTest" name="conAlert" time="2.178"/>
</testsuite> <!-- testing_practice.FirstTest -->
