<?xml version="1.0" encoding="UTF-8"?>
<!-- Generated by org.testng.reporters.JUnitReportReporter -->
<testsuite hostname="DESKTOP-ELK44DL" failures="0" tests="3" name="testing_practice.DataLogin" time="0.429" errors="0" timestamp="2026-05-22T07:33:46 IST" skipped="0">
  <testcase classname="testing_practice.DataLogin" name="f" time="0.170"/>
  <testcase classname="testing_practice.DataLogin" name="f" time="0.125"/>
  <testcase classname="testing_practice.DataLogin" name="f" time="0.134"/>
</testsuite> <!-- testing_practice.DataLogin -->
