<?xml version="1.0" encoding="UTF-8"?>
<testng-results ignored="0" total="4" passed="4" failed="0" skipped="0">
  <reporter-output>
  </reporter-output>
  <suite started-at="2026-06-08T14:15:30 IST" name="Default suite" finished-at="2026-06-08T14:17:49 IST" duration-ms="138547">
    <groups>
    </groups>
    <test started-at="2026-06-08T14:15:30 IST" name="Default test" finished-at="2026-06-08T14:17:49 IST" duration-ms="138547">
      <class name="tests.LoginTest">
        <test-method is-config="true" signature="setup()[pri:0, instance:tests.LoginTest@498d318c]" started-at="2026-06-08T14:15:32 IST" name="setup" finished-at="2026-06-08T14:16:27 IST" duration-ms="54983" status="PASS">
          <reporter-output>
          </reporter-output>
        </test-method> <!-- setup -->
        <test-method signature="loginTest(java.lang.String,java.lang.String,java.lang.String)[pri:0, instance:tests.LoginTest@498d318c]" started-at="2026-06-08T14:16:27 IST" name="loginTest" data-provider="loginData" finished-at="2026-06-08T14:16:37 IST" duration-ms="10618" status="PASS">
          <params>
            <param index="0">
              <value>
                <![CDATA[mngr662531]]>
              </value>
            </param>
            <param index="1">
              <value>
                <![CDATA[eguvenA]]>
              </value>
            </param>
            <param index="2">
              <value>
                <![CDATA[valid]]>
              </value>
            </param>
          </params>
          <reporter-output>
          </reporter-output>
        </test-method> <!-- loginTest -->
        <test-method is-config="true" signature="tearDown()[pri:0, instance:tests.LoginTest@498d318c]" started-at="2026-06-08T14:16:37 IST" name="tearDown" finished-at="2026-06-08T14:16:37 IST" duration-ms="6" status="PASS">
          <reporter-output>
          </reporter-output>
        </test-method> <!-- tearDown -->
        <test-method is-config="true" signature="setup()[pri:0, instance:tests.LoginTest@498d318c]" started-at="2026-06-08T14:16:37 IST" name="setup" finished-at="2026-06-08T14:17:09 IST" duration-ms="31241" status="PASS">
          <reporter-output>
          </reporter-output>
        </test-method> <!-- setup -->
        <test-method signature="loginTest(java.lang.String,java.lang.String,java.lang.String)[pri:0, instance:tests.LoginTest@498d318c]" started-at="2026-06-08T14:17:09 IST" name="loginTest" data-provider="loginData" finished-at="2026-06-08T14:17:10 IST" duration-ms="1249" status="PASS">
          <params>
            <param index="0">
              <value>
                <![CDATA[mnjls560s]]>
              </value>
            </param>
            <param index="1">
              <value>
                <![CDATA[h227dxF]]>
              </value>
            </param>
            <param index="2">
              <value>
                <![CDATA[invalid]]>
              </value>
            </param>
          </params>
          <reporter-output>
          </reporter-output>
        </test-method> <!-- loginTest -->
        <test-method is-config="true" signature="tearDown()[pri:0, instance:tests.LoginTest@498d318c]" started-at="2026-06-08T14:17:10 IST" name="tearDown" finished-at="2026-06-08T14:17:10 IST" duration-ms="4" status="PASS">
          <reporter-output>
          </reporter-output>
        </test-method> <!-- tearDown -->
        <test-method is-config="true" signature="setup()[pri:0, instance:tests.LoginTest@498d318c]" started-at="2026-06-08T14:17:10 IST" name="setup" finished-at="2026-06-08T14:17:30 IST" duration-ms="19948" status="PASS">
          <reporter-output>
          </reporter-output>
        </test-method> <!-- setup -->
        <test-method signature="loginTest(java.lang.String,java.lang.String,java.lang.String)[pri:0, instance:tests.LoginTest@498d318c]" started-at="2026-06-08T14:17:30 IST" name="loginTest" data-provider="loginData" finished-at="2026-06-08T14:17:38 IST" duration-ms="8436" status="PASS">
          <params>
            <param index="0">
              <value>
                <![CDATA[]]>
              </value>
            </param>
            <param index="1">
              <value>
                <![CDATA[eguvenA]]>
              </value>
            </param>
            <param index="2">
              <value>
                <![CDATA[invalid]]>
              </value>
            </param>
          </params>
          <reporter-output>
          </reporter-output>
        </test-method> <!-- loginTest -->
        <test-method is-config="true" signature="tearDown()[pri:0, instance:tests.LoginTest@498d318c]" started-at="2026-06-08T14:17:38 IST" name="tearDown" finished-at="2026-06-08T14:17:38 IST" duration-ms="2" status="PASS">
          <reporter-output>
          </reporter-output>
        </test-method> <!-- tearDown -->
        <test-method is-config="true" signature="setup()[pri:0, instance:tests.LoginTest@498d318c]" started-at="2026-06-08T14:17:38 IST" name="setup" finished-at="2026-06-08T14:17:47 IST" duration-ms="9185" status="PASS">
          <reporter-output>
          </reporter-output>
        </test-method> <!-- setup -->
        <test-method signature="loginTest(java.lang.String,java.lang.String,java.lang.String)[pri:0, instance:tests.LoginTest@498d318c]" started-at="2026-06-08T14:17:47 IST" name="loginTest" data-provider="loginData" finished-at="2026-06-08T14:17:49 IST" duration-ms="1215" status="PASS">
          <params>
            <param index="0">
              <value>
                <![CDATA[mngr662531]]>
              </value>
            </param>
            <param index="1">
              <value>
                <![CDATA[]]>
              </value>
            </param>
            <param index="2">
              <value>
                <![CDATA[invalid]]>
              </value>
            </param>
          </params>
          <reporter-output>
          </reporter-output>
        </test-method> <!-- loginTest -->
        <test-method is-config="true" signature="tearDown()[pri:0, instance:tests.LoginTest@498d318c]" started-at="2026-06-08T14:17:49 IST" name="tearDown" finished-at="2026-06-08T14:17:49 IST" duration-ms="5" status="PASS">
          <reporter-output>
          </reporter-output>
        </test-method> <!-- tearDown -->
      </class> <!-- tests.LoginTest -->
    </test> <!-- Default test -->
  </suite> <!-- Default suite -->
</testng-results>
