<?xml version="1.0" encoding="UTF-8"?>
<testng-results ignored="0" total="1" passed="1" failed="0" skipped="0">
  <reporter-output>
  </reporter-output>
  <suite started-at="2026-06-05T11:57:07 IST" name="Default suite" finished-at="2026-06-05T11:58:07 IST" duration-ms="60069">
    <groups>
    </groups>
    <test started-at="2026-06-05T11:57:07 IST" name="Default test" finished-at="2026-06-05T11:58:07 IST" duration-ms="60069">
      <class name="tests.CustomerOnboardingTest">
        <test-method is-config="true" signature="setup()[pri:0, instance:tests.CustomerOnboardingTest@4d9e68d0]" started-at="2026-06-05T11:57:07 IST" name="setup" finished-at="2026-06-05T11:57:38 IST" duration-ms="31284" status="PASS">
          <reporter-output>
          </reporter-output>
        </test-method> <!-- setup -->
        <test-method signature="createCustomerAndAccount()[pri:0, instance:tests.CustomerOnboardingTest@4d9e68d0]" started-at="2026-06-05T11:57:38 IST" name="createCustomerAndAccount" finished-at="2026-06-05T11:58:07 IST" duration-ms="28664" status="PASS">
          <reporter-output>
          </reporter-output>
        </test-method> <!-- createCustomerAndAccount -->
        <test-method is-config="true" signature="tearDown()[pri:0, instance:tests.CustomerOnboardingTest@4d9e68d0]" started-at="2026-06-05T11:58:07 IST" name="tearDown" finished-at="2026-06-05T11:58:07 IST" duration-ms="1" status="PASS">
          <reporter-output>
          </reporter-output>
        </test-method> <!-- tearDown -->
      </class> <!-- tests.CustomerOnboardingTest -->
    </test> <!-- Default test -->
  </suite> <!-- Default suite -->
</testng-results>
