<?xml version="1.0" encoding="UTF-8"?>
<!-- Generated by org.testng.reporters.JUnitReportReporter -->
<testsuite hostname="DESKTOP-ELK44DL" failures="0" tests="3" name="runners.TestRunner" time="172.104" errors="0" timestamp="2026-06-08T19:52:35 IST" skipped="0">
  <testcase classname="runners.TestRunner" name="runScenario" time="63.031"/>
  <testcase classname="runners.TestRunner" name="runScenario" time="40.143"/>
  <testcase classname="runners.TestRunner" name="runScenario" time="68.930"/>
</testsuite> <!-- runners.TestRunner -->
