<?xml version="1.0" encoding="UTF-8"?>
<!-- Generated by org.testng.reporters.JUnitXMLReporter -->
<testsuite ignored="5" hostname="DESKTOP-ELK44DL" failures="2" tests="2" name="regression" time="2.161" errors="0" timestamp="2026-05-21T16:16:54 IST">
  <testcase classname="testing_practice.NopCommerce" name="login" time="0.04">
    <failure type="java.lang.NullPointerException" message="Cannot invoke &amp;quot;org.openqa.selenium.support.ui.WebDriverWait.until(java.util.function.Function)&amp;quot; because &amp;quot;this.wait&amp;quot; is null">
      <![CDATA[java.lang.NullPointerException: Cannot invoke "org.openqa.selenium.support.ui.WebDriverWait.until(java.util.function.Function)" because "this.wait" is null
at testing_practice.NopCommerce.login(NopCommerce.java:78)
at java.base/java.util.ArrayList.forEach(ArrayList.java:1604)
... Removed 25 stack frames]]>
    </failure>
  </testcase> <!-- login -->
  <testcase classname="testing_practice.NopCommerce" name="registration" time="2.006">
    <failure type="java.lang.NullPointerException" message="Cannot invoke &amp;quot;org.openqa.selenium.WebDriver.findElement(org.openqa.selenium.By)&amp;quot; because &amp;quot;this.driver&amp;quot; is null">
      <![CDATA[java.lang.NullPointerException: Cannot invoke "org.openqa.selenium.WebDriver.findElement(org.openqa.selenium.By)" because "this.driver" is null
at testing_practice.NopCommerce.registration(NopCommerce.java:44)
at java.base/java.util.ArrayList.forEach(ArrayList.java:1604)
... Removed 25 stack frames]]>
    </failure>
  </testcase> <!-- registration -->
  <testcase classname="testing_practice.NopCommerce" name="Change_name" time="0.0">
    <ignored/>
  </testcase> <!-- Change_name -->
  <testcase classname="testing_practice.NopCommerce" name="delete_cart_item" time="0.0">
    <ignored/>
  </testcase> <!-- delete_cart_item -->
  <testcase classname="testing_practice.NopCommerce" name="multiple_search" time="0.0">
    <ignored/>
  </testcase> <!-- multiple_search -->
  <testcase classname="testing_practice.NopCommerce" name="product_details" time="0.0">
    <ignored/>
  </testcase> <!-- product_details -->
  <testcase classname="testing_practice.NopCommerce" name="add_to_cart" time="0.0">
    <ignored/>
  </testcase> <!-- add_to_cart -->
</testsuite> <!-- regression -->
